This is cmdstanr version 0.5.3
- CmdStanR documentation and vignettes: mc-stan.org/cmdstanr
- Use set_cmdstan_path() to set the path to CmdStan
- Use install_cmdstan() to install CmdStan
── Attaching packages ─────────────────────────────────────── tidyverse 1.3.1 ──
✔ ggplot2 3.3.6     ✔ purrr   0.3.4
✔ tibble  3.1.8     ✔ dplyr   1.0.7
✔ tidyr   1.1.4     ✔ stringr 1.4.0
✔ readr   2.0.2     ✔ forcats 0.5.1
── Conflicts ────────────────────────────────────────── tidyverse_conflicts() ──
✖ dplyr::filter() masks stats::filter()
✖ dplyr::lag()    masks stats::lag()

Attaching package: ‘data.table’

The following objects are masked from ‘package:dplyr’:

    between, first, last

The following object is masked from ‘package:purrr’:

    transpose


Attaching package: ‘psych’

The following objects are masked from ‘package:ggplot2’:

    %+%, alpha

here() starts at /lustre/miifs01/project/m2_jgu-sim3/M3-simulations
This is posterior version 1.2.2

Attaching package: ‘posterior’

The following objects are masked from ‘package:stats’:

    mad, sd, var


Attaching package: ‘HDInterval’

The following object is masked from ‘package:tidybayes’:

    hdi

CmdStan path set to: /home/jgoettma/R/x86_64-pc-linux-gnu-library/4.1/cmdstan-2.30.0

Attaching package: ‘mvtnorm’

The following objects are masked from ‘package:SimDesign’:

    rmvnorm, rmvt


Attaching package: ‘Matrix’

The following objects are masked from ‘package:tidyr’:

    expand, pack, unpack


Design row: 1/1;   Started: Wed Aug  3 17:04:49 2022;   Total elapsed time: 0.00s 

Simulation complete. Total execution time: 01h 47m 29.67s


Saving simulation results to file: M3_EE_CS_11261481.rds
# A tibble: 1 × 34
  OtherItems   NPL Retriev…¹ nFree…² cor_c max_r…³ mean_…⁴ mean_…⁵ cor_a mean_…⁶
       <int> <int>     <int>   <int> <dbl>   <dbl>   <dbl>   <dbl> <dbl>   <dbl>
1          3     2       250       2 0.694    1.53    11.0    14.9 0.703    2.94
# … with 24 more variables: mean_rmse_a <dbl>, max_rhat_a <dbl>, cor_f <dbl>,
#   mean_rmse_mu_f <dbl>, mean_rmse_f <dbl>, max_rhat_f <dbl>, cor_e <dbl>,
#   mean_rmse_mu_e <dbl>, mean_rmse_e <dbl>, max_rhat_e <dbl>, cor_r <dbl>,
#   mean_rmse_mu_r <dbl>, mean_rmse_r <dbl>, max_rhat_r <dbl>, cor_IIP <dbl>,
#   cor_IOP <dbl>, cor_DIP <dbl>, cor_DIOP <dbl>, cor_NPL <dbl>,
#   REPLICATIONS <int>, SIM_TIME <dbl>, COMPLETED <chr>, SEED <int>,
#   WARNINGS <int>, and abbreviated variable names ¹​Retrievals, ²​nFreetime, …
# ℹ Use `colnames()` to see all variable names
