> 
> #we can create a default output directory path, here:
> default.out = paste("/home/", Sys.getenv("USER"), sep="", collapse=NULL)
> 
> option_list <- list(
+   make_option(c("-N","--OtherItems"), type="integer",
+               help="Number of OtherItems",action = "store",
+               metavar="number"),
+   make_option(c("-K","--NPL"), type="integer",
+               help="Number of NPLs",action = "store",
+               metavar="number"),
+   make_option(c("-F","--nFreetime"), type="integer",
+               help="Number of Freetime Conditions",action = "store",
+               metavar="number"),
+   make_option(c("-R","--nRetrievals"), type="integer", action="store",
+               help="Number of Retrievals",
+               metavar="number")
+ 
+ )
> 
> args <- parse_args(OptionParser(option_list=option_list))
> 
> nFT <- args$nFreetime
> nRet <- args$nRetrievals
> 
> N <- args$OtherItems
> K <- args$NPL
> 
> 
> print(nFT)
[1] 100
> print(nRet)
[1] 2
> print(N)
[1] 5
> print(K)
[1] 16
> 
> 
